{"C:\\Users\\ferna\\Projetos\\enigma-crush-backend\\index.js": {"path":"C:\\Users\\ferna\\Projetos\\enigma-crush-backend\\index.js","statementMap":{"0":{"start":{"line":1,"column":16},"end":{"line":1,"column":34}},"1":{"start":{"line":2,"column":13},"end":{"line":2,"column":28}},"2":{"start":{"line":3,"column":15},"end":{"line":3,"column":32}},"3":{"start":{"line":4,"column":13},"end":{"line":4,"column":28}},"4":{"start":{"line":5,"column":11},"end":{"line":5,"column":24}},"5":{"start":{"line":6,"column":25},"end":{"line":6,"column":50}},"6":{"start":{"line":7,"column":20},"end":{"line":7,"column":42}},"7":{"start":{"line":8,"column":15},"end":{"line":8,"column":32}},"8":{"start":{"line":9,"column":18},"end":{"line":9,"column":47}},"9":{"start":{"line":10,"column":35},"end":{"line":10,"column":63}},"10":{"start":{"line":13,"column":17},"end":{"line":13,"column":45}},"11":{"start":{"line":14,"column":13},"end":{"line":14,"column":37}},"12":{"start":{"line":15,"column":18},"end":{"line":15,"column":47}},"13":{"start":{"line":16,"column":20},"end":{"line":16,"column":51}},"14":{"start":{"line":17,"column":13},"end":{"line":17,"column":37}},"15":{"start":{"line":18,"column":26},"end":{"line":18,"column":64}},"16":{"start":{"line":22,"column":0},"end":{"line":27,"column":1}},"17":{"start":{"line":23,"column":2},"end":{"line":23,"column":30}},"18":{"start":{"line":25,"column":2},"end":{"line":25,"column":63}},"19":{"start":{"line":26,"column":2},"end":{"line":26,"column":18}},"20":{"start":{"line":29,"column":12},"end":{"line":29,"column":21}},"21":{"start":{"line":32,"column":0},"end":{"line":32,"column":18}},"22":{"start":{"line":33,"column":0},"end":{"line":33,"column":23}},"23":{"start":{"line":34,"column":0},"end":{"line":34,"column":24}},"24":{"start":{"line":35,"column":0},"end":{"line":35,"column":48}},"25":{"start":{"line":38,"column":20},"end":{"line":43,"column":1}},"26":{"start":{"line":44,"column":0},"end":{"line":44,"column":27}},"27":{"start":{"line":47,"column":19},"end":{"line":52,"column":2}},"28":{"start":{"line":53,"column":0},"end":{"line":53,"column":29}},"29":{"start":{"line":56,"column":0},"end":{"line":60,"column":52}},"30":{"start":{"line":57,"column":2},"end":{"line":57,"column":49}},"31":{"start":{"line":58,"column":2},"end":{"line":58,"column":61}},"32":{"start":{"line":59,"column":2},"end":{"line":59,"column":9}},"33":{"start":{"line":63,"column":0},"end":{"line":65,"column":3}},"34":{"start":{"line":64,"column":2},"end":{"line":64,"column":61}},"35":{"start":{"line":68,"column":0},"end":{"line":68,"column":26}},"36":{"start":{"line":69,"column":0},"end":{"line":69,"column":22}},"37":{"start":{"line":70,"column":0},"end":{"line":70,"column":27}},"38":{"start":{"line":71,"column":0},"end":{"line":71,"column":29}},"39":{"start":{"line":72,"column":0},"end":{"line":72,"column":22}},"40":{"start":{"line":75,"column":16},"end":{"line":86,"column":2}},"41":{"start":{"line":77,"column":16},"end":{"line":77,"column":47}},"42":{"start":{"line":78,"column":4},"end":{"line":78,"column":47}},"43":{"start":{"line":78,"column":29},"end":{"line":78,"column":47}},"44":{"start":{"line":79,"column":4},"end":{"line":79,"column":18}},"45":{"start":{"line":82,"column":25},"end":{"line":82,"column":75}},"46":{"start":{"line":83,"column":16},"end":{"line":83,"column":47}},"47":{"start":{"line":84,"column":4},"end":{"line":84,"column":38}},"48":{"start":{"line":89,"column":15},"end":{"line":104,"column":2}},"49":{"start":{"line":97,"column":25},"end":{"line":97,"column":91}},"50":{"start":{"line":98,"column":4},"end":{"line":102,"column":5}},"51":{"start":{"line":99,"column":6},"end":{"line":99,"column":21}},"52":{"start":{"line":101,"column":6},"end":{"line":101,"column":60}},"53":{"start":{"line":109,"column":0},"end":{"line":128,"column":3}},"54":{"start":{"line":110,"column":2},"end":{"line":127,"column":3}},"55":{"start":{"line":111,"column":4},"end":{"line":113,"column":5}},"56":{"start":{"line":112,"column":6},"end":{"line":112,"column":71}},"57":{"start":{"line":117,"column":21},"end":{"line":117,"column":107}},"58":{"start":{"line":118,"column":21},"end":{"line":118,"column":33}},"59":{"start":{"line":120,"column":20},"end":{"line":120,"column":102}},"60":{"start":{"line":121,"column":20},"end":{"line":121,"column":80}},"61":{"start":{"line":123,"column":4},"end":{"line":123,"column":31}},"62":{"start":{"line":125,"column":4},"end":{"line":125,"column":50}},"63":{"start":{"line":126,"column":4},"end":{"line":126,"column":88}},"64":{"start":{"line":131,"column":0},"end":{"line":137,"column":3}},"65":{"start":{"line":132,"column":2},"end":{"line":132,"column":37}},"66":{"start":{"line":133,"column":2},"end":{"line":136,"column":5}},"67":{"start":{"line":140,"column":13},"end":{"line":140,"column":37}},"68":{"start":{"line":141,"column":0},"end":{"line":141,"column":81}},"69":{"start":{"line":141,"column":23},"end":{"line":141,"column":79}}},"fnMap":{"0":{"name":"(anonymous_0)","decl":{"start":{"line":56,"column":20},"end":{"line":56,"column":21}},"loc":{"start":{"line":56,"column":40},"end":{"line":60,"column":1}},"line":56},"1":{"name":"(anonymous_1)","decl":{"start":{"line":63,"column":45},"end":{"line":63,"column":46}},"loc":{"start":{"line":63,"column":59},"end":{"line":65,"column":1}},"line":63},"2":{"name":"(anonymous_2)","decl":{"start":{"line":76,"column":15},"end":{"line":76,"column":16}},"loc":{"start":{"line":76,"column":34},"end":{"line":80,"column":3}},"line":76},"3":{"name":"(anonymous_3)","decl":{"start":{"line":81,"column":12},"end":{"line":81,"column":13}},"loc":{"start":{"line":81,"column":31},"end":{"line":85,"column":3}},"line":81},"4":{"name":"(anonymous_4)","decl":{"start":{"line":95,"column":14},"end":{"line":95,"column":15}},"loc":{"start":{"line":95,"column":33},"end":{"line":103,"column":3}},"line":95},"5":{"name":"(anonymous_5)","decl":{"start":{"line":109,"column":67},"end":{"line":109,"column":68}},"loc":{"start":{"line":109,"column":81},"end":{"line":128,"column":1}},"line":109},"6":{"name":"(anonymous_6)","decl":{"start":{"line":131,"column":8},"end":{"line":131,"column":9}},"loc":{"start":{"line":131,"column":33},"end":{"line":137,"column":1}},"line":131},"7":{"name":"(anonymous_7)","decl":{"start":{"line":141,"column":17},"end":{"line":141,"column":18}},"loc":{"start":{"line":141,"column":23},"end":{"line":141,"column":79}},"line":141}},"branchMap":{"0":{"loc":{"start":{"line":78,"column":4},"end":{"line":78,"column":47}},"type":"if","locations":[{"start":{"line":78,"column":4},"end":{"line":78,"column":47}},{"start":{},"end":{}}],"line":78},"1":{"loc":{"start":{"line":98,"column":4},"end":{"line":102,"column":5}},"type":"if","locations":[{"start":{"line":98,"column":4},"end":{"line":102,"column":5}},{"start":{"line":100,"column":11},"end":{"line":102,"column":5}}],"line":98},"2":{"loc":{"start":{"line":111,"column":4},"end":{"line":113,"column":5}},"type":"if","locations":[{"start":{"line":111,"column":4},"end":{"line":113,"column":5}},{"start":{},"end":{}}],"line":111},"3":{"loc":{"start":{"line":117,"column":21},"end":{"line":117,"column":107}},"type":"binary-expr","locations":[{"start":{"line":117,"column":21},"end":{"line":117,"column":42}},{"start":{"line":117,"column":46},"end":{"line":117,"column":58}},{"start":{"line":117,"column":62},"end":{"line":117,"column":89}},{"start":{"line":117,"column":93},"end":{"line":117,"column":107}}],"line":117},"4":{"loc":{"start":{"line":120,"column":20},"end":{"line":120,"column":102}},"type":"cond-expr","locations":[{"start":{"line":120,"column":77},"end":{"line":120,"column":91}},{"start":{"line":120,"column":94},"end":{"line":120,"column":102}}],"line":120},"5":{"loc":{"start":{"line":120,"column":21},"end":{"line":120,"column":73}},"type":"binary-expr","locations":[{"start":{"line":120,"column":21},"end":{"line":120,"column":45}},{"start":{"line":120,"column":49},"end":{"line":120,"column":73}}],"line":120},"6":{"loc":{"start":{"line":135,"column":13},"end":{"line":135,"column":85}},"type":"cond-expr","locations":[{"start":{"line":135,"column":54},"end":{"line":135,"column":65}},{"start":{"line":135,"column":68},"end":{"line":135,"column":85}}],"line":135},"7":{"loc":{"start":{"line":140,"column":13},"end":{"line":140,"column":37}},"type":"binary-expr","locations":[{"start":{"line":140,"column":13},"end":{"line":140,"column":29}},{"start":{"line":140,"column":33},"end":{"line":140,"column":37}}],"line":140}},"s":{"0":1,"1":1,"2":1,"3":1,"4":1,"5":1,"6":1,"7":1,"8":1,"9":1,"10":1,"11":1,"12":1,"13":1,"14":1,"15":1,"16":1,"17":1,"18":0,"19":0,"20":1,"21":1,"22":1,"23":1,"24":1,"25":1,"26":1,"27":1,"28":1,"29":1,"30":0,"31":0,"32":0,"33":1,"34":0,"35":1,"36":1,"37":1,"38":1,"39":1,"40":1,"41":0,"42":0,"43":0,"44":0,"45":0,"46":0,"47":0,"48":1,"49":0,"50":0,"51":0,"52":0,"53":1,"54":0,"55":0,"56":0,"57":0,"58":0,"59":0,"60":0,"61":0,"62":0,"63":0,"64":1,"65":0,"66":0,"67":1,"68":1,"69":0},"f":{"0":0,"1":0,"2":0,"3":0,"4":0,"5":0,"6":0,"7":0},"b":{"0":[0,0],"1":[0,0],"2":[0,0],"3":[0,0,0,0],"4":[0,0],"5":[0,0],"6":[0,0],"7":[1,0]},"_coverageSchema":"1a1c01bbd47fc00a2c39e90264f33305004495a9","hash":"b4a6c3d64e4f0b36d43214120bc6b22505431690"}
,"C:\\Users\\ferna\\Projetos\\enigma-crush-backend\\middleware\\authMiddleware.js": {"path":"C:\\Users\\ferna\\Projetos\\enigma-crush-backend\\middleware\\authMiddleware.js","statementMap":{"0":{"start":{"line":1,"column":12},"end":{"line":1,"column":35}},"1":{"start":{"line":4,"column":21},"end":{"line":4,"column":46}},"2":{"start":{"line":5,"column":16},"end":{"line":5,"column":54}},"3":{"start":{"line":7,"column":2},"end":{"line":12,"column":3}},"4":{"start":{"line":8,"column":4},"end":{"line":11,"column":7}},"5":{"start":{"line":14,"column":21},"end":{"line":14,"column":43}},"6":{"start":{"line":15,"column":2},"end":{"line":18,"column":3}},"7":{"start":{"line":16,"column":4},"end":{"line":16,"column":66}},"8":{"start":{"line":17,"column":4},"end":{"line":17,"column":79}},"9":{"start":{"line":20,"column":2},"end":{"line":35,"column":3}},"10":{"start":{"line":21,"column":20},"end":{"line":21,"column":49}},"11":{"start":{"line":22,"column":4},"end":{"line":22,"column":23}},"12":{"start":{"line":23,"column":4},"end":{"line":23,"column":11}},"13":{"start":{"line":25,"column":4},"end":{"line":30,"column":5}},"14":{"start":{"line":26,"column":6},"end":{"line":29,"column":9}},"15":{"start":{"line":31,"column":4},"end":{"line":34,"column":7}},"16":{"start":{"line":38,"column":0},"end":{"line":38,"column":35}}},"fnMap":{"0":{"name":"authenticateToken","decl":{"start":{"line":3,"column":9},"end":{"line":3,"column":26}},"loc":{"start":{"line":3,"column":43},"end":{"line":36,"column":1}},"line":3}},"branchMap":{"0":{"loc":{"start":{"line":5,"column":16},"end":{"line":5,"column":54}},"type":"binary-expr","locations":[{"start":{"line":5,"column":16},"end":{"line":5,"column":26}},{"start":{"line":5,"column":30},"end":{"line":5,"column":54}}],"line":5},"1":{"loc":{"start":{"line":7,"column":2},"end":{"line":12,"column":3}},"type":"if","locations":[{"start":{"line":7,"column":2},"end":{"line":12,"column":3}},{"start":{},"end":{}}],"line":7},"2":{"loc":{"start":{"line":15,"column":2},"end":{"line":18,"column":3}},"type":"if","locations":[{"start":{"line":15,"column":2},"end":{"line":18,"column":3}},{"start":{},"end":{}}],"line":15},"3":{"loc":{"start":{"line":25,"column":4},"end":{"line":30,"column":5}},"type":"if","locations":[{"start":{"line":25,"column":4},"end":{"line":30,"column":5}},{"start":{},"end":{}}],"line":25}},"s":{"0":1,"1":0,"2":0,"3":0,"4":0,"5":0,"6":0,"7":0,"8":0,"9":0,"10":0,"11":0,"12":0,"13":0,"14":0,"15":0,"16":1},"f":{"0":0},"b":{"0":[0,0],"1":[0,0],"2":[0,0],"3":[0,0]},"_coverageSchema":"1a1c01bbd47fc00a2c39e90264f33305004495a9","hash":"f57bc2a24774793e4f7ec0d3ef60b82cf6e44f98"}
,"C:\\Users\\ferna\\Projetos\\enigma-crush-backend\\routes\\auth.js": {"path":"C:\\Users\\ferna\\Projetos\\enigma-crush-backend\\routes\\auth.js","statementMap":{"0":{"start":{"line":2,"column":16},"end":{"line":2,"column":34}},"1":{"start":{"line":3,"column":25},"end":{"line":3,"column":50}},"2":{"start":{"line":4,"column":15},"end":{"line":4,"column":32}},"3":{"start":{"line":5,"column":12},"end":{"line":5,"column":35}},"4":{"start":{"line":6,"column":15},"end":{"line":6,"column":31}},"5":{"start":{"line":7,"column":15},"end":{"line":7,"column":33}},"6":{"start":{"line":10,"column":19},"end":{"line":10,"column":41}},"7":{"start":{"line":11,"column":0},"end":{"line":13,"column":1}},"8":{"start":{"line":12,"column":2},"end":{"line":12,"column":91}},"9":{"start":{"line":14,"column":25},"end":{"line":14,"column":61}},"10":{"start":{"line":17,"column":21},"end":{"line":17,"column":49}},"11":{"start":{"line":18,"column":16},"end":{"line":18,"column":54}},"12":{"start":{"line":19,"column":2},"end":{"line":19,"column":76}},"13":{"start":{"line":19,"column":14},"end":{"line":19,"column":76}},"14":{"start":{"line":21,"column":2},"end":{"line":25,"column":5}},"15":{"start":{"line":22,"column":4},"end":{"line":22,"column":82}},"16":{"start":{"line":22,"column":13},"end":{"line":22,"column":82}},"17":{"start":{"line":23,"column":4},"end":{"line":23,"column":20}},"18":{"start":{"line":24,"column":4},"end":{"line":24,"column":11}},"19":{"start":{"line":28,"column":0},"end":{"line":53,"column":3}},"20":{"start":{"line":29,"column":30},"end":{"line":29,"column":38}},"21":{"start":{"line":31,"column":2},"end":{"line":33,"column":3}},"22":{"start":{"line":32,"column":4},"end":{"line":32,"column":77}},"23":{"start":{"line":35,"column":2},"end":{"line":52,"column":3}},"24":{"start":{"line":36,"column":17},"end":{"line":36,"column":67}},"25":{"start":{"line":37,"column":4},"end":{"line":37,"column":80}},"26":{"start":{"line":37,"column":15},"end":{"line":37,"column":80}},"27":{"start":{"line":39,"column":20},"end":{"line":39,"column":65}},"28":{"start":{"line":40,"column":4},"end":{"line":40,"column":76}},"29":{"start":{"line":40,"column":18},"end":{"line":40,"column":76}},"30":{"start":{"line":42,"column":18},"end":{"line":46,"column":5}},"31":{"start":{"line":48,"column":4},"end":{"line":48,"column":54}},"32":{"start":{"line":50,"column":4},"end":{"line":50,"column":50}},"33":{"start":{"line":51,"column":4},"end":{"line":51,"column":64}},"34":{"start":{"line":55,"column":0},"end":{"line":59,"column":3}},"35":{"start":{"line":56,"column":15},"end":{"line":56,"column":75}},"36":{"start":{"line":57,"column":2},"end":{"line":57,"column":78}},"37":{"start":{"line":57,"column":13},"end":{"line":57,"column":78}},"38":{"start":{"line":58,"column":2},"end":{"line":58,"column":21}},"39":{"start":{"line":61,"column":0},"end":{"line":61,"column":24}}},"fnMap":{"0":{"name":"authenticateToken","decl":{"start":{"line":16,"column":9},"end":{"line":16,"column":26}},"loc":{"start":{"line":16,"column":43},"end":{"line":26,"column":1}},"line":16},"1":{"name":"(anonymous_1)","decl":{"start":{"line":21,"column":32},"end":{"line":21,"column":33}},"loc":{"start":{"line":21,"column":47},"end":{"line":25,"column":3}},"line":21},"2":{"name":"(anonymous_2)","decl":{"start":{"line":28,"column":28},"end":{"line":28,"column":29}},"loc":{"start":{"line":28,"column":48},"end":{"line":53,"column":1}},"line":28},"3":{"name":"(anonymous_3)","decl":{"start":{"line":55,"column":42},"end":{"line":55,"column":43}},"loc":{"start":{"line":55,"column":62},"end":{"line":59,"column":1}},"line":55}},"branchMap":{"0":{"loc":{"start":{"line":11,"column":0},"end":{"line":13,"column":1}},"type":"if","locations":[{"start":{"line":11,"column":0},"end":{"line":13,"column":1}},{"start":{},"end":{}}],"line":11},"1":{"loc":{"start":{"line":14,"column":25},"end":{"line":14,"column":61}},"type":"binary-expr","locations":[{"start":{"line":14,"column":25},"end":{"line":14,"column":53}},{"start":{"line":14,"column":57},"end":{"line":14,"column":61}}],"line":14},"2":{"loc":{"start":{"line":18,"column":16},"end":{"line":18,"column":54}},"type":"binary-expr","locations":[{"start":{"line":18,"column":16},"end":{"line":18,"column":26}},{"start":{"line":18,"column":30},"end":{"line":18,"column":54}}],"line":18},"3":{"loc":{"start":{"line":19,"column":2},"end":{"line":19,"column":76}},"type":"if","locations":[{"start":{"line":19,"column":2},"end":{"line":19,"column":76}},{"start":{},"end":{}}],"line":19},"4":{"loc":{"start":{"line":22,"column":4},"end":{"line":22,"column":82}},"type":"if","locations":[{"start":{"line":22,"column":4},"end":{"line":22,"column":82}},{"start":{},"end":{}}],"line":22},"5":{"loc":{"start":{"line":31,"column":2},"end":{"line":33,"column":3}},"type":"if","locations":[{"start":{"line":31,"column":2},"end":{"line":33,"column":3}},{"start":{},"end":{}}],"line":31},"6":{"loc":{"start":{"line":31,"column":6},"end":{"line":31,"column":25}},"type":"binary-expr","locations":[{"start":{"line":31,"column":6},"end":{"line":31,"column":12}},{"start":{"line":31,"column":16},"end":{"line":31,"column":25}}],"line":31},"7":{"loc":{"start":{"line":37,"column":4},"end":{"line":37,"column":80}},"type":"if","locations":[{"start":{"line":37,"column":4},"end":{"line":37,"column":80}},{"start":{},"end":{}}],"line":37},"8":{"loc":{"start":{"line":40,"column":4},"end":{"line":40,"column":76}},"type":"if","locations":[{"start":{"line":40,"column":4},"end":{"line":40,"column":76}},{"start":{},"end":{}}],"line":40},"9":{"loc":{"start":{"line":57,"column":2},"end":{"line":57,"column":78}},"type":"if","locations":[{"start":{"line":57,"column":2},"end":{"line":57,"column":78}},{"start":{},"end":{}}],"line":57}},"s":{"0":1,"1":1,"2":1,"3":1,"4":1,"5":1,"6":1,"7":1,"8":0,"9":1,"10":0,"11":0,"12":0,"13":0,"14":0,"15":0,"16":0,"17":0,"18":0,"19":1,"20":0,"21":0,"22":0,"23":0,"24":0,"25":0,"26":0,"27":0,"28":0,"29":0,"30":0,"31":0,"32":0,"33":0,"34":1,"35":0,"36":0,"37":0,"38":0,"39":1},"f":{"0":0,"1":0,"2":0,"3":0},"b":{"0":[0,1],"1":[1,0],"2":[0,0],"3":[0,0],"4":[0,0],"5":[0,0],"6":[0,0],"7":[0,0],"8":[0,0],"9":[0,0]},"_coverageSchema":"1a1c01bbd47fc00a2c39e90264f33305004495a9","hash":"b8d900aedb9711d0e73acee4422e7b520becb048"}
,"C:\\Users\\ferna\\Projetos\\enigma-crush-backend\\routes\\dashboard.js": {"path":"C:\\Users\\ferna\\Projetos\\enigma-crush-backend\\routes\\dashboard.js","statementMap":{"0":{"start":{"line":2,"column":16},"end":{"line":2,"column":34}},"1":{"start":{"line":3,"column":25},"end":{"line":3,"column":50}},"2":{"start":{"line":4,"column":15},"end":{"line":4,"column":31}},"3":{"start":{"line":5,"column":15},"end":{"line":5,"column":33}},"4":{"start":{"line":6,"column":26},"end":{"line":6,"column":65}},"5":{"start":{"line":9,"column":0},"end":{"line":36,"column":3}},"6":{"start":{"line":10,"column":23},"end":{"line":10,"column":32}},"7":{"start":{"line":12,"column":2},"end":{"line":14,"column":3}},"8":{"start":{"line":13,"column":4},"end":{"line":13,"column":80}},"9":{"start":{"line":17,"column":2},"end":{"line":19,"column":3}},"10":{"start":{"line":18,"column":4},"end":{"line":18,"column":60}},"11":{"start":{"line":21,"column":2},"end":{"line":35,"column":3}},"12":{"start":{"line":22,"column":20},"end":{"line":22,"column":83}},"13":{"start":{"line":23,"column":4},"end":{"line":23,"column":38}},"14":{"start":{"line":23,"column":18},"end":{"line":23,"column":38}},"15":{"start":{"line":25,"column":18},"end":{"line":29,"column":6}},"16":{"start":{"line":31,"column":4},"end":{"line":31,"column":20}},"17":{"start":{"line":33,"column":4},"end":{"line":33,"column":45}},"18":{"start":{"line":34,"column":4},"end":{"line":34,"column":79}},"19":{"start":{"line":38,"column":0},"end":{"line":38,"column":24}}},"fnMap":{"0":{"name":"(anonymous_0)","decl":{"start":{"line":9,"column":44},"end":{"line":9,"column":45}},"loc":{"start":{"line":9,"column":64},"end":{"line":36,"column":1}},"line":9}},"branchMap":{"0":{"loc":{"start":{"line":12,"column":2},"end":{"line":14,"column":3}},"type":"if","locations":[{"start":{"line":12,"column":2},"end":{"line":14,"column":3}},{"start":{},"end":{}}],"line":12},"1":{"loc":{"start":{"line":17,"column":2},"end":{"line":19,"column":3}},"type":"if","locations":[{"start":{"line":17,"column":2},"end":{"line":19,"column":3}},{"start":{},"end":{}}],"line":17},"2":{"loc":{"start":{"line":17,"column":6},"end":{"line":17,"column":54}},"type":"binary-expr","locations":[{"start":{"line":17,"column":6},"end":{"line":17,"column":33}},{"start":{"line":17,"column":37},"end":{"line":17,"column":54}}],"line":17},"3":{"loc":{"start":{"line":23,"column":4},"end":{"line":23,"column":38}},"type":"if","locations":[{"start":{"line":23,"column":4},"end":{"line":23,"column":38}},{"start":{},"end":{}}],"line":23}},"s":{"0":1,"1":1,"2":1,"3":1,"4":1,"5":1,"6":0,"7":0,"8":0,"9":0,"10":0,"11":0,"12":0,"13":0,"14":0,"15":0,"16":0,"17":0,"18":0,"19":1},"f":{"0":0},"b":{"0":[0,0],"1":[0,0],"2":[0,0],"3":[0,0]},"_coverageSchema":"1a1c01bbd47fc00a2c39e90264f33305004495a9","hash":"7c5f8d2714e0530b1c38277aea26b56b4e4ff0d1"}
,"C:\\Users\\ferna\\Projetos\\enigma-crush-backend\\routes\\hint.js": {"path":"C:\\Users\\ferna\\Projetos\\enigma-crush-backend\\routes\\hint.js","statementMap":{"0":{"start":{"line":1,"column":16},"end":{"line":1,"column":34}},"1":{"start":{"line":2,"column":25},"end":{"line":2,"column":50}},"2":{"start":{"line":3,"column":42},"end":{"line":3,"column":70}},"3":{"start":{"line":4,"column":26},"end":{"line":4,"column":65}},"4":{"start":{"line":5,"column":15},"end":{"line":5,"column":32}},"5":{"start":{"line":7,"column":15},"end":{"line":7,"column":31}},"6":{"start":{"line":8,"column":15},"end":{"line":8,"column":33}},"7":{"start":{"line":11,"column":16},"end":{"line":11,"column":38}},"8":{"start":{"line":12,"column":15},"end":{"line":12,"column":74}},"9":{"start":{"line":15,"column":0},"end":{"line":59,"column":3}},"10":{"start":{"line":21,"column":17},"end":{"line":21,"column":38}},"11":{"start":{"line":22,"column":2},"end":{"line":24,"column":3}},"12":{"start":{"line":23,"column":4},"end":{"line":23,"column":86}},"13":{"start":{"line":23,"column":65},"end":{"line":23,"column":70}},"14":{"start":{"line":26,"column":2},"end":{"line":58,"column":3}},"15":{"start":{"line":27,"column":30},"end":{"line":27,"column":38}},"16":{"start":{"line":28,"column":19},"end":{"line":28,"column":30}},"17":{"start":{"line":30,"column":20},"end":{"line":30,"column":24}},"18":{"start":{"line":31,"column":23},"end":{"line":31,"column":30}},"19":{"start":{"line":34,"column":4},"end":{"line":36,"column":5}},"20":{"start":{"line":35,"column":6},"end":{"line":35,"column":45}},"21":{"start":{"line":39,"column":18},"end":{"line":39,"column":71}},"22":{"start":{"line":40,"column":4},"end":{"line":42,"column":5}},"23":{"start":{"line":41,"column":6},"end":{"line":41,"column":66}},"24":{"start":{"line":44,"column":17},"end":{"line":50,"column":6}},"25":{"start":{"line":52,"column":4},"end":{"line":54,"column":7}},"26":{"start":{"line":56,"column":4},"end":{"line":56,"column":48}},"27":{"start":{"line":57,"column":4},"end":{"line":57,"column":66}},"28":{"start":{"line":62,"column":0},"end":{"line":94,"column":3}},"29":{"start":{"line":65,"column":17},"end":{"line":65,"column":38}},"30":{"start":{"line":66,"column":2},"end":{"line":68,"column":3}},"31":{"start":{"line":67,"column":4},"end":{"line":67,"column":86}},"32":{"start":{"line":67,"column":65},"end":{"line":67,"column":70}},"33":{"start":{"line":70,"column":2},"end":{"line":93,"column":3}},"34":{"start":{"line":71,"column":17},"end":{"line":73,"column":6}},"35":{"start":{"line":75,"column":4},"end":{"line":75,"column":77}},"36":{"start":{"line":75,"column":15},"end":{"line":75,"column":77}},"37":{"start":{"line":77,"column":4},"end":{"line":80,"column":7}},"38":{"start":{"line":82,"column":4},"end":{"line":89,"column":7}},"39":{"start":{"line":91,"column":4},"end":{"line":91,"column":49}},"40":{"start":{"line":92,"column":4},"end":{"line":92,"column":67}},"41":{"start":{"line":97,"column":0},"end":{"line":121,"column":3}},"42":{"start":{"line":98,"column":17},"end":{"line":98,"column":28}},"43":{"start":{"line":99,"column":2},"end":{"line":120,"column":3}},"44":{"start":{"line":100,"column":20},"end":{"line":100,"column":73}},"45":{"start":{"line":101,"column":4},"end":{"line":101,"column":38}},"46":{"start":{"line":101,"column":18},"end":{"line":101,"column":38}},"47":{"start":{"line":102,"column":18},"end":{"line":106,"column":6}},"48":{"start":{"line":107,"column":22},"end":{"line":115,"column":7}},"49":{"start":{"line":107,"column":38},"end":{"line":115,"column":5}},"50":{"start":{"line":116,"column":4},"end":{"line":116,"column":24}},"51":{"start":{"line":118,"column":4},"end":{"line":118,"column":50}},"52":{"start":{"line":119,"column":4},"end":{"line":119,"column":68}},"53":{"start":{"line":124,"column":0},"end":{"line":159,"column":3}},"54":{"start":{"line":127,"column":17},"end":{"line":127,"column":38}},"55":{"start":{"line":128,"column":2},"end":{"line":130,"column":3}},"56":{"start":{"line":129,"column":4},"end":{"line":129,"column":86}},"57":{"start":{"line":129,"column":65},"end":{"line":129,"column":70}},"58":{"start":{"line":132,"column":2},"end":{"line":158,"column":3}},"59":{"start":{"line":134,"column":17},"end":{"line":134,"column":79}},"60":{"start":{"line":135,"column":4},"end":{"line":137,"column":5}},"61":{"start":{"line":136,"column":6},"end":{"line":136,"column":68}},"62":{"start":{"line":140,"column":4},"end":{"line":148,"column":5}},"63":{"start":{"line":141,"column":22},"end":{"line":143,"column":8}},"64":{"start":{"line":145,"column":6},"end":{"line":147,"column":7}},"65":{"start":{"line":146,"column":8},"end":{"line":146,"column":96}},"66":{"start":{"line":151,"column":4},"end":{"line":151,"column":78}},"67":{"start":{"line":152,"column":4},"end":{"line":152,"column":63}},"68":{"start":{"line":154,"column":4},"end":{"line":154,"column":32}},"69":{"start":{"line":156,"column":4},"end":{"line":156,"column":50}},"70":{"start":{"line":157,"column":4},"end":{"line":157,"column":68}},"71":{"start":{"line":161,"column":0},"end":{"line":161,"column":24}}},"fnMap":{"0":{"name":"(anonymous_0)","decl":{"start":{"line":20,"column":3},"end":{"line":20,"column":4}},"loc":{"start":{"line":20,"column":23},"end":{"line":59,"column":1}},"line":20},"1":{"name":"(anonymous_1)","decl":{"start":{"line":23,"column":60},"end":{"line":23,"column":61}},"loc":{"start":{"line":23,"column":65},"end":{"line":23,"column":70}},"line":23},"2":{"name":"(anonymous_2)","decl":{"start":{"line":64,"column":3},"end":{"line":64,"column":4}},"loc":{"start":{"line":64,"column":23},"end":{"line":94,"column":1}},"line":64},"3":{"name":"(anonymous_3)","decl":{"start":{"line":67,"column":60},"end":{"line":67,"column":61}},"loc":{"start":{"line":67,"column":65},"end":{"line":67,"column":70}},"line":67},"4":{"name":"(anonymous_4)","decl":{"start":{"line":97,"column":40},"end":{"line":97,"column":41}},"loc":{"start":{"line":97,"column":60},"end":{"line":121,"column":1}},"line":97},"5":{"name":"(anonymous_5)","decl":{"start":{"line":107,"column":32},"end":{"line":107,"column":33}},"loc":{"start":{"line":107,"column":38},"end":{"line":115,"column":5}},"line":107},"6":{"name":"(anonymous_6)","decl":{"start":{"line":126,"column":3},"end":{"line":126,"column":4}},"loc":{"start":{"line":126,"column":23},"end":{"line":159,"column":1}},"line":126},"7":{"name":"(anonymous_7)","decl":{"start":{"line":129,"column":60},"end":{"line":129,"column":61}},"loc":{"start":{"line":129,"column":65},"end":{"line":129,"column":70}},"line":129}},"branchMap":{"0":{"loc":{"start":{"line":22,"column":2},"end":{"line":24,"column":3}},"type":"if","locations":[{"start":{"line":22,"column":2},"end":{"line":24,"column":3}},{"start":{},"end":{}}],"line":22},"1":{"loc":{"start":{"line":34,"column":4},"end":{"line":36,"column":5}},"type":"if","locations":[{"start":{"line":34,"column":4},"end":{"line":36,"column":5}},{"start":{},"end":{}}],"line":34},"2":{"loc":{"start":{"line":34,"column":8},"end":{"line":34,"column":55}},"type":"binary-expr","locations":[{"start":{"line":34,"column":8},"end":{"line":34,"column":24}},{"start":{"line":34,"column":28},"end":{"line":34,"column":55}}],"line":34},"3":{"loc":{"start":{"line":40,"column":4},"end":{"line":42,"column":5}},"type":"if","locations":[{"start":{"line":40,"column":4},"end":{"line":42,"column":5}},{"start":{},"end":{}}],"line":40},"4":{"loc":{"start":{"line":66,"column":2},"end":{"line":68,"column":3}},"type":"if","locations":[{"start":{"line":66,"column":2},"end":{"line":68,"column":3}},{"start":{},"end":{}}],"line":66},"5":{"loc":{"start":{"line":75,"column":4},"end":{"line":75,"column":77}},"type":"if","locations":[{"start":{"line":75,"column":4},"end":{"line":75,"column":77}},{"start":{},"end":{}}],"line":75},"6":{"loc":{"start":{"line":101,"column":4},"end":{"line":101,"column":38}},"type":"if","locations":[{"start":{"line":101,"column":4},"end":{"line":101,"column":38}},{"start":{},"end":{}}],"line":101},"7":{"loc":{"start":{"line":112,"column":13},"end":{"line":112,"column":25}},"type":"binary-expr","locations":[{"start":{"line":112,"column":13},"end":{"line":112,"column":20}},{"start":{"line":112,"column":24},"end":{"line":112,"column":25}}],"line":112},"8":{"loc":{"start":{"line":128,"column":2},"end":{"line":130,"column":3}},"type":"if","locations":[{"start":{"line":128,"column":2},"end":{"line":130,"column":3}},{"start":{},"end":{}}],"line":128},"9":{"loc":{"start":{"line":135,"column":4},"end":{"line":137,"column":5}},"type":"if","locations":[{"start":{"line":135,"column":4},"end":{"line":137,"column":5}},{"start":{},"end":{}}],"line":135},"10":{"loc":{"start":{"line":140,"column":4},"end":{"line":148,"column":5}},"type":"if","locations":[{"start":{"line":140,"column":4},"end":{"line":148,"column":5}},{"start":{},"end":{}}],"line":140},"11":{"loc":{"start":{"line":145,"column":6},"end":{"line":147,"column":7}},"type":"if","locations":[{"start":{"line":145,"column":6},"end":{"line":147,"column":7}},{"start":{},"end":{}}],"line":145}},"s":{"0":1,"1":1,"2":1,"3":1,"4":1,"5":1,"6":1,"7":1,"8":1,"9":1,"10":0,"11":0,"12":0,"13":0,"14":0,"15":0,"16":0,"17":0,"18":0,"19":0,"20":0,"21":0,"22":0,"23":0,"24":0,"25":0,"26":0,"27":0,"28":1,"29":0,"30":0,"31":0,"32":0,"33":0,"34":0,"35":0,"36":0,"37":0,"38":0,"39":0,"40":0,"41":1,"42":0,"43":0,"44":0,"45":0,"46":0,"47":0,"48":0,"49":0,"50":0,"51":0,"52":0,"53":1,"54":0,"55":0,"56":0,"57":0,"58":0,"59":0,"60":0,"61":0,"62":0,"63":0,"64":0,"65":0,"66":0,"67":0,"68":0,"69":0,"70":0,"71":1},"f":{"0":0,"1":0,"2":0,"3":0,"4":0,"5":0,"6":0,"7":0},"b":{"0":[0,0],"1":[0,0],"2":[0,0],"3":[0,0],"4":[0,0],"5":[0,0],"6":[0,0],"7":[0,0],"8":[0,0],"9":[0,0],"10":[0,0],"11":[0,0]},"_coverageSchema":"1a1c01bbd47fc00a2c39e90264f33305004495a9","hash":"4532dbb9ca5a26a49d9f5f1bc621668017482e1e"}
,"C:\\Users\\ferna\\Projetos\\enigma-crush-backend\\routes\\interaction.js": {"path":"C:\\Users\\ferna\\Projetos\\enigma-crush-backend\\routes\\interaction.js","statementMap":{"0":{"start":{"line":3,"column":25},"end":{"line":3,"column":50}},"1":{"start":{"line":4,"column":16},"end":{"line":4,"column":34}},"2":{"start":{"line":5,"column":15},"end":{"line":5,"column":33}},"3":{"start":{"line":6,"column":15},"end":{"line":6,"column":31}},"4":{"start":{"line":7,"column":26},"end":{"line":7,"column":65}},"5":{"start":{"line":10,"column":0},"end":{"line":51,"column":3}},"6":{"start":{"line":11,"column":25},"end":{"line":11,"column":33}},"7":{"start":{"line":13,"column":2},"end":{"line":15,"column":3}},"8":{"start":{"line":14,"column":4},"end":{"line":14,"column":78}},"9":{"start":{"line":17,"column":2},"end":{"line":50,"column":3}},"10":{"start":{"line":19,"column":32},"end":{"line":22,"column":6}},"11":{"start":{"line":24,"column":4},"end":{"line":26,"column":5}},"12":{"start":{"line":25,"column":6},"end":{"line":25,"column":74}},"13":{"start":{"line":29,"column":17},"end":{"line":29,"column":41}},"14":{"start":{"line":30,"column":20},"end":{"line":32,"column":6}},"15":{"start":{"line":34,"column":4},"end":{"line":36,"column":5}},"16":{"start":{"line":35,"column":6},"end":{"line":35,"column":62}},"17":{"start":{"line":38,"column":24},"end":{"line":44,"column":6}},"18":{"start":{"line":46,"column":4},"end":{"line":46,"column":45}},"19":{"start":{"line":48,"column":4},"end":{"line":48,"column":51}},"20":{"start":{"line":49,"column":4},"end":{"line":49,"column":72}},"21":{"start":{"line":54,"column":0},"end":{"line":79,"column":3}},"22":{"start":{"line":55,"column":2},"end":{"line":78,"column":3}},"23":{"start":{"line":56,"column":19},"end":{"line":56,"column":32}},"24":{"start":{"line":58,"column":17},"end":{"line":61,"column":6}},"25":{"start":{"line":63,"column":4},"end":{"line":65,"column":5}},"26":{"start":{"line":64,"column":6},"end":{"line":64,"column":68}},"27":{"start":{"line":69,"column":25},"end":{"line":72,"column":6}},"28":{"start":{"line":74,"column":4},"end":{"line":74,"column":27}},"29":{"start":{"line":76,"column":4},"end":{"line":76,"column":55}},"30":{"start":{"line":77,"column":4},"end":{"line":77,"column":73}},"31":{"start":{"line":82,"column":0},"end":{"line":111,"column":3}},"32":{"start":{"line":83,"column":17},"end":{"line":83,"column":27}},"33":{"start":{"line":84,"column":23},"end":{"line":84,"column":31}},"34":{"start":{"line":86,"column":2},"end":{"line":88,"column":3}},"35":{"start":{"line":87,"column":4},"end":{"line":87,"column":78}},"36":{"start":{"line":90,"column":2},"end":{"line":110,"column":3}},"37":{"start":{"line":92,"column":17},"end":{"line":92,"column":64}},"38":{"start":{"line":93,"column":4},"end":{"line":95,"column":5}},"39":{"start":{"line":94,"column":6},"end":{"line":94,"column":69}},"40":{"start":{"line":98,"column":4},"end":{"line":104,"column":7}},"41":{"start":{"line":106,"column":4},"end":{"line":106,"column":32}},"42":{"start":{"line":108,"column":4},"end":{"line":108,"column":56}},"43":{"start":{"line":109,"column":4},"end":{"line":109,"column":75}},"44":{"start":{"line":114,"column":0},"end":{"line":149,"column":3}},"45":{"start":{"line":115,"column":17},"end":{"line":115,"column":27}},"46":{"start":{"line":116,"column":21},"end":{"line":116,"column":29}},"47":{"start":{"line":118,"column":2},"end":{"line":120,"column":3}},"48":{"start":{"line":119,"column":4},"end":{"line":119,"column":72}},"49":{"start":{"line":122,"column":2},"end":{"line":148,"column":3}},"50":{"start":{"line":124,"column":24},"end":{"line":130,"column":6}},"51":{"start":{"line":132,"column":4},"end":{"line":134,"column":5}},"52":{"start":{"line":133,"column":6},"end":{"line":133,"column":91}},"53":{"start":{"line":136,"column":4},"end":{"line":142,"column":7}},"54":{"start":{"line":144,"column":4},"end":{"line":144,"column":32}},"55":{"start":{"line":146,"column":4},"end":{"line":146,"column":57}},"56":{"start":{"line":147,"column":4},"end":{"line":147,"column":76}},"57":{"start":{"line":151,"column":0},"end":{"line":151,"column":24}}},"fnMap":{"0":{"name":"(anonymous_0)","decl":{"start":{"line":10,"column":54},"end":{"line":10,"column":55}},"loc":{"start":{"line":10,"column":74},"end":{"line":51,"column":1}},"line":10},"1":{"name":"(anonymous_1)","decl":{"start":{"line":54,"column":37},"end":{"line":54,"column":38}},"loc":{"start":{"line":54,"column":57},"end":{"line":79,"column":1}},"line":54},"2":{"name":"(anonymous_2)","decl":{"start":{"line":82,"column":34},"end":{"line":82,"column":35}},"loc":{"start":{"line":82,"column":54},"end":{"line":111,"column":1}},"line":82},"3":{"name":"(anonymous_3)","decl":{"start":{"line":114,"column":73},"end":{"line":114,"column":74}},"loc":{"start":{"line":114,"column":93},"end":{"line":149,"column":1}},"line":114}},"branchMap":{"0":{"loc":{"start":{"line":13,"column":2},"end":{"line":15,"column":3}},"type":"if","locations":[{"start":{"line":13,"column":2},"end":{"line":15,"column":3}},{"start":{},"end":{}}],"line":13},"1":{"loc":{"start":{"line":13,"column":6},"end":{"line":13,"column":20}},"type":"binary-expr","locations":[{"start":{"line":13,"column":6},"end":{"line":13,"column":9}},{"start":{"line":13,"column":13},"end":{"line":13,"column":20}}],"line":13},"2":{"loc":{"start":{"line":24,"column":4},"end":{"line":26,"column":5}},"type":"if","locations":[{"start":{"line":24,"column":4},"end":{"line":26,"column":5}},{"start":{},"end":{}}],"line":24},"3":{"loc":{"start":{"line":34,"column":4},"end":{"line":36,"column":5}},"type":"if","locations":[{"start":{"line":34,"column":4},"end":{"line":36,"column":5}},{"start":{},"end":{}}],"line":34},"4":{"loc":{"start":{"line":63,"column":4},"end":{"line":65,"column":5}},"type":"if","locations":[{"start":{"line":63,"column":4},"end":{"line":65,"column":5}},{"start":{},"end":{}}],"line":63},"5":{"loc":{"start":{"line":86,"column":2},"end":{"line":88,"column":3}},"type":"if","locations":[{"start":{"line":86,"column":2},"end":{"line":88,"column":3}},{"start":{},"end":{}}],"line":86},"6":{"loc":{"start":{"line":86,"column":6},"end":{"line":86,"column":22}},"type":"binary-expr","locations":[{"start":{"line":86,"column":6},"end":{"line":86,"column":15}},{"start":{"line":86,"column":19},"end":{"line":86,"column":22}}],"line":86},"7":{"loc":{"start":{"line":93,"column":4},"end":{"line":95,"column":5}},"type":"if","locations":[{"start":{"line":93,"column":4},"end":{"line":95,"column":5}},{"start":{},"end":{}}],"line":93},"8":{"loc":{"start":{"line":118,"column":2},"end":{"line":120,"column":3}},"type":"if","locations":[{"start":{"line":118,"column":2},"end":{"line":120,"column":3}},{"start":{},"end":{}}],"line":118},"9":{"loc":{"start":{"line":132,"column":4},"end":{"line":134,"column":5}},"type":"if","locations":[{"start":{"line":132,"column":4},"end":{"line":134,"column":5}},{"start":{},"end":{}}],"line":132}},"s":{"0":1,"1":1,"2":1,"3":1,"4":1,"5":1,"6":0,"7":0,"8":0,"9":0,"10":0,"11":0,"12":0,"13":0,"14":0,"15":0,"16":0,"17":0,"18":0,"19":0,"20":0,"21":1,"22":0,"23":0,"24":0,"25":0,"26":0,"27":0,"28":0,"29":0,"30":0,"31":1,"32":0,"33":0,"34":0,"35":0,"36":0,"37":0,"38":0,"39":0,"40":0,"41":0,"42":0,"43":0,"44":1,"45":0,"46":0,"47":0,"48":0,"49":0,"50":0,"51":0,"52":0,"53":0,"54":0,"55":0,"56":0,"57":1},"f":{"0":0,"1":0,"2":0,"3":0},"b":{"0":[0,0],"1":[0,0],"2":[0,0],"3":[0,0],"4":[0,0],"5":[0,0],"6":[0,0],"7":[0,0],"8":[0,0],"9":[0,0]},"_coverageSchema":"1a1c01bbd47fc00a2c39e90264f33305004495a9","hash":"12ee4ae00b356dddef0543fd09ab6ccd0fee0732"}
,"C:\\Users\\ferna\\Projetos\\enigma-crush-backend\\routes\\register.js": {"path":"C:\\Users\\ferna\\Projetos\\enigma-crush-backend\\routes\\register.js","statementMap":{"0":{"start":{"line":2,"column":16},"end":{"line":2,"column":34}},"1":{"start":{"line":3,"column":15},"end":{"line":3,"column":31}},"2":{"start":{"line":4,"column":15},"end":{"line":4,"column":32}},"3":{"start":{"line":5,"column":25},"end":{"line":5,"column":50}},"4":{"start":{"line":6,"column":15},"end":{"line":6,"column":33}},"5":{"start":{"line":7,"column":12},"end":{"line":7,"column":35}},"6":{"start":{"line":8,"column":19},"end":{"line":8,"column":41}},"7":{"start":{"line":9,"column":25},"end":{"line":9,"column":61}},"8":{"start":{"line":11,"column":0},"end":{"line":71,"column":3}},"9":{"start":{"line":12,"column":52},"end":{"line":12,"column":60}},"10":{"start":{"line":14,"column":2},"end":{"line":16,"column":3}},"11":{"start":{"line":15,"column":4},"end":{"line":15,"column":79}},"12":{"start":{"line":19,"column":21},"end":{"line":19,"column":49}},"13":{"start":{"line":20,"column":2},"end":{"line":22,"column":3}},"14":{"start":{"line":21,"column":4},"end":{"line":21,"column":72}},"15":{"start":{"line":25,"column":2},"end":{"line":27,"column":3}},"16":{"start":{"line":26,"column":4},"end":{"line":26,"column":87}},"17":{"start":{"line":30,"column":19},"end":{"line":30,"column":57}},"18":{"start":{"line":31,"column":2},"end":{"line":33,"column":3}},"19":{"start":{"line":32,"column":4},"end":{"line":32,"column":70}},"20":{"start":{"line":35,"column":2},"end":{"line":70,"column":3}},"21":{"start":{"line":36,"column":25},"end":{"line":36,"column":75}},"22":{"start":{"line":37,"column":4},"end":{"line":39,"column":5}},"23":{"start":{"line":38,"column":6},"end":{"line":38,"column":66}},"24":{"start":{"line":42,"column":24},"end":{"line":42,"column":71}},"25":{"start":{"line":43,"column":4},"end":{"line":45,"column":5}},"26":{"start":{"line":44,"column":6},"end":{"line":44,"column":66}},"27":{"start":{"line":47,"column":27},"end":{"line":47,"column":58}},"28":{"start":{"line":49,"column":17},"end":{"line":57,"column":6}},"29":{"start":{"line":60,"column":18},"end":{"line":64,"column":5}},"30":{"start":{"line":66,"column":4},"end":{"line":66,"column":88}},"31":{"start":{"line":68,"column":4},"end":{"line":68,"column":46}},"32":{"start":{"line":69,"column":4},"end":{"line":69,"column":65}},"33":{"start":{"line":73,"column":0},"end":{"line":73,"column":24}}},"fnMap":{"0":{"name":"(anonymous_0)","decl":{"start":{"line":11,"column":25},"end":{"line":11,"column":26}},"loc":{"start":{"line":11,"column":45},"end":{"line":71,"column":1}},"line":11}},"branchMap":{"0":{"loc":{"start":{"line":9,"column":25},"end":{"line":9,"column":61}},"type":"binary-expr","locations":[{"start":{"line":9,"column":25},"end":{"line":9,"column":53}},{"start":{"line":9,"column":57},"end":{"line":9,"column":61}}],"line":9},"1":{"loc":{"start":{"line":14,"column":2},"end":{"line":16,"column":3}},"type":"if","locations":[{"start":{"line":14,"column":2},"end":{"line":16,"column":3}},{"start":{},"end":{}}],"line":14},"2":{"loc":{"start":{"line":14,"column":6},"end":{"line":14,"column":56}},"type":"binary-expr","locations":[{"start":{"line":14,"column":6},"end":{"line":14,"column":12}},{"start":{"line":14,"column":16},"end":{"line":14,"column":25}},{"start":{"line":14,"column":29},"end":{"line":14,"column":34}},{"start":{"line":14,"column":38},"end":{"line":14,"column":48}},{"start":{"line":14,"column":52},"end":{"line":14,"column":56}}],"line":14},"3":{"loc":{"start":{"line":20,"column":2},"end":{"line":22,"column":3}},"type":"if","locations":[{"start":{"line":20,"column":2},"end":{"line":22,"column":3}},{"start":{},"end":{}}],"line":20},"4":{"loc":{"start":{"line":25,"column":2},"end":{"line":27,"column":3}},"type":"if","locations":[{"start":{"line":25,"column":2},"end":{"line":27,"column":3}},{"start":{},"end":{}}],"line":25},"5":{"loc":{"start":{"line":31,"column":2},"end":{"line":33,"column":3}},"type":"if","locations":[{"start":{"line":31,"column":2},"end":{"line":33,"column":3}},{"start":{},"end":{}}],"line":31},"6":{"loc":{"start":{"line":37,"column":4},"end":{"line":39,"column":5}},"type":"if","locations":[{"start":{"line":37,"column":4},"end":{"line":39,"column":5}},{"start":{},"end":{}}],"line":37},"7":{"loc":{"start":{"line":43,"column":4},"end":{"line":45,"column":5}},"type":"if","locations":[{"start":{"line":43,"column":4},"end":{"line":45,"column":5}},{"start":{},"end":{}}],"line":43}},"s":{"0":1,"1":1,"2":1,"3":1,"4":1,"5":1,"6":1,"7":1,"8":1,"9":0,"10":0,"11":0,"12":0,"13":0,"14":0,"15":0,"16":0,"17":0,"18":0,"19":0,"20":0,"21":0,"22":0,"23":0,"24":0,"25":0,"26":0,"27":0,"28":0,"29":0,"30":0,"31":0,"32":0,"33":1},"f":{"0":0},"b":{"0":[1,0],"1":[0,0],"2":[0,0,0,0,0],"3":[0,0],"4":[0,0],"5":[0,0],"6":[0,0],"7":[0,0]},"_coverageSchema":"1a1c01bbd47fc00a2c39e90264f33305004495a9","hash":"bc9af6d9383a62c2b1d76e8636ac2c0c6762f616"}
}
